Arguments: 
  C:\Program Files\nodejs\node.exe C:\Program Files (x86)\Yarn\bin\yarn.js start

PATH: 
  C:\Users\37198\bin;C:\Program Files\Git\mingw64\bin;C:\Program Files\Git\usr\local\bin;C:\Program Files\Git\usr\bin;C:\Program Files\Git\usr\bin;C:\Program Files\Git\cmd;C:\WINDOWS\system32;C:\WINDOWS;C:\WINDOWS\System32\Wbem;C:\WINDOWS\System32\WindowsPowerShell\v1.0;C:\Program Files\MATLAB\R2017a\runtime\win64;C:\Program Files\MATLAB\R2017a\bin;C:\WINDOWS\System32\OpenSSH;C:\Program Files\SourceGear\Common\DiffMerge;C:\Program Files\Git\cmd;C:\Program Files\nodejs;C:\Program Files (x86)\Yarn\bin;C:\Users\37198\AppData\Local\Microsoft\WindowsApps;C:\Program Files\Bandizip;C:\Users\37198\AppData\Local\atom\bin;C:\Users\37198\AppData\Local\hyper\app-3.0.2\resources\bin;C:\Users\37198\AppData\Roaming\npm;C:\Program Files\heroku\bin;C:\Users\37198\AppData\Local\Programs\Microsoft VS Code\bin;C:\Users\37198\AppData\Local\Yarn\bin;C:\Program Files\Git\usr\bin\vendor_perl;C:\Program Files\Git\usr\bin\core_perl

Yarn version: 
  1.22.4

Node version: 
  12.16.2

Platform: 
  win32 x64

Trace: 
  SyntaxError: C:\Users\37198\personalPortfolio\kazmiali.github.io\package.json: Unexpected token ， in JSON at position 186
      at JSON.parse (<anonymous>)
      at C:\Program Files (x86)\Yarn\lib\cli.js:1625:59
      at Generator.next (<anonymous>)
      at step (C:\Program Files (x86)\Yarn\lib\cli.js:310:30)
      at C:\Program Files (x86)\Yarn\lib\cli.js:321:13

npm manifest: 
  {
  
  
  
    "name": "kazmiali.github.io",
    "version": "1.0.0",
    "description": "My Portfolio",
    "main": "index.js",
    "scripts": {
      "test": "echo \"Error: no test specified\" && exit 1"，
        "start": "node index.js"
    },
  
    "repository": {
      "type": "git",
      "url": "git+https://github.com/kazmiali/kazmiali.github.io.git"
    },
    "author": "",
    "license": "ISC",
    "bugs": {
      "url": "https://github.com/kazmiali/kazmiali.github.io/issues"
    },
    "homepage": "https://github.com/kazmiali/kazmiali.github.io#readme"
  }

yarn manifest: 
  No manifest

Lockfile: 
  # THIS IS AN AUTOGENERATED FILE. DO NOT EDIT THIS FILE DIRECTLY.
  # yarn lockfile v1
